<?xml version="1.0" encoding="UTF-8"?>
<!-- Generated by org.testng.reporters.JUnitReportReporter -->
<testsuite ignored="0" hostname="Manul-W" failures="0" tests="2" name="com.experitest.auto.AndroidDemoTest" time="64.807" errors="2" timestamp="08 Jun 2021 20:45:59 GMT" skipped="0">
  <testcase classname="com.experitest.auto.AndroidDemoTest" name="tearDown" time="0.000">
    <error message="Exception caught while executing click: Failed to click &#039;xpath=//*[@id=&#039;home&#039;]&#039;. Cannot click. The element is found but not visible on Screen. deviceScreenDimension = java.awt.Rectangle[x=0,y=0,width=1080,height=2154]" type="com.experitest.client.InternalException">
      <![CDATA[com.experitest.client.InternalException: Exception caught while executing click: Failed to click 'xpath=//*[@id='home']'. Cannot click. The element is found but not visible on Screen. deviceScreenDimension = java.awt.Rectangle[x=0,y=0,width=1080,height=2154]
	at com.experitest.client.JavaClientInternals.executeInternally(JavaClientInternals.java:288)
	at com.experitest.client.Client.execute(Client.java:251)
	at com.experitest.client.ExecutionClient.execute(ExecutionClient.java:223)
	at com.experitest.client.Client.click(Client.java:541)
	at com.experitest.auto.AndroidDemoTest.tearDown(AndroidDemoTest.java:48)
	at java.base/jdk.internal.reflect.NativeMethodAccessorImpl.invoke0(Native Method)
	at java.base/jdk.internal.reflect.NativeMethodAccessorImpl.invoke(NativeMethodAccessorImpl.java:64)
	at java.base/jdk.internal.reflect.DelegatingMethodAccessorImpl.invoke(DelegatingMethodAccessorImpl.java:43)
	at java.base/java.lang.reflect.Method.invoke(Method.java:564)
	at org.testng.internal.MethodInvocationHelper.invokeMethod(MethodInvocationHelper.java:104)
	at org.testng.internal.Invoker.invokeConfigurationMethod(Invoker.java:515)
	at org.testng.internal.Invoker.invokeConfigurations(Invoker.java:217)
	at org.testng.internal.Invoker.invokeConfigurations(Invoker.java:144)
	at org.testng.TestRunner.afterRun(TestRunner.java:983)
	at org.testng.TestRunner.run(TestRunner.java:614)
	at org.testng.SuiteRunner.runTest(SuiteRunner.java:387)
	at org.testng.SuiteRunner.runSequentially(SuiteRunner.java:382)
	at org.testng.SuiteRunner.privateRun(SuiteRunner.java:340)
	at org.testng.SuiteRunner.run(SuiteRunner.java:289)
	at org.testng.SuiteRunnerWorker.runSuite(SuiteRunnerWorker.java:52)
	at org.testng.SuiteRunnerWorker.run(SuiteRunnerWorker.java:86)
	at org.testng.TestNG.runSuitesSequentially(TestNG.java:1293)
	at org.testng.TestNG.runSuitesLocally(TestNG.java:1218)
	at org.testng.TestNG.runSuites(TestNG.java:1133)
	at org.testng.TestNG.run(TestNG.java:1104)
	at org.testng.remote.AbstractRemoteTestNG.run(AbstractRemoteTestNG.java:115)
	at org.testng.remote.RemoteTestNG.initAndRun(RemoteTestNG.java:251)
	at org.testng.remote.RemoteTestNG.main(RemoteTestNG.java:77)
]]>
    </error>
  </testcase> <!-- tearDown -->
  <testcase classname="com.experitest.auto.AndroidDemoTest" name="signin" time="64.807">
    <error message="Exception caught while executing click: Failed to click &#039;xpath=//*[@contentDescription=&#039;Back&#039; and @id=&#039;back&#039;]&#039;. Cannot click. The element is found but not visible on Screen. deviceScreenDimension = 
java.awt.Rectangle[x=0,y=0,width=1080,height=2154]
" type="com.experitest.client.InternalException">
      <![CDATA[com.experitest.client.InternalException: Exception caught while executing click: Failed to click 'xpath=//*[@contentDescription='Back' and @id='back']'. Cannot click. The element is found but not visible on Screen. deviceScreenDimension = 
java.awt.Rectangle[x=0,y=0,width=1080,height=2154]

	at com.experitest.client.JavaClientInternals.executeInternally(JavaClientInternals.java:288)
	at com.experitest.client.Client.execute(Client.java:251)
	at com.experitest.client.ExecutionClient.execute(ExecutionClient.java:223)
	at com.experitest.client.Client.click(Client.java:541)
	at com.experitest.auto.AndroidDemoTest.signin(AndroidDemoTest.java:36)
	at java.base/jdk.internal.reflect.NativeMethodAccessorImpl.invoke0(Native Method)
	at java.base/jdk.internal.reflect.NativeMethodAccessorImpl.invoke(NativeMethodAccessorImpl.java:64)
	at java.base/jdk.internal.reflect.DelegatingMethodAccessorImpl.invoke(DelegatingMethodAccessorImpl.java:43)
	at java.base/java.lang.reflect.Method.invoke(Method.java:564)
	at org.testng.internal.MethodInvocationHelper.invokeMethod(MethodInvocationHelper.java:104)
	at org.testng.internal.Invoker.invokeMethod(Invoker.java:645)
	at org.testng.internal.Invoker.invokeTestMethod(Invoker.java:851)
	at org.testng.internal.Invoker.invokeTestMethods(Invoker.java:1177)
	at org.testng.internal.TestMethodWorker.invokeTestMethods(TestMethodWorker.java:129)
	at org.testng.internal.TestMethodWorker.run(TestMethodWorker.java:112)
	at org.testng.TestRunner.privateRun(TestRunner.java:756)
	at org.testng.TestRunner.run(TestRunner.java:610)
	at org.testng.SuiteRunner.runTest(SuiteRunner.java:387)
	at org.testng.SuiteRunner.runSequentially(SuiteRunner.java:382)
	at org.testng.SuiteRunner.privateRun(SuiteRunner.java:340)
	at org.testng.SuiteRunner.run(SuiteRunner.java:289)
	at org.testng.SuiteRunnerWorker.runSuite(SuiteRunnerWorker.java:52)
	at org.testng.SuiteRunnerWorker.run(SuiteRunnerWorker.java:86)
	at org.testng.TestNG.runSuitesSequentially(TestNG.java:1293)
	at org.testng.TestNG.runSuitesLocally(TestNG.java:1218)
	at org.testng.TestNG.runSuites(TestNG.java:1133)
	at org.testng.TestNG.run(TestNG.java:1104)
	at org.testng.remote.AbstractRemoteTestNG.run(AbstractRemoteTestNG.java:115)
	at org.testng.remote.RemoteTestNG.initAndRun(RemoteTestNG.java:251)
	at org.testng.remote.RemoteTestNG.main(RemoteTestNG.java:77)
]]>
    </error>
  </testcase> <!-- signin -->
</testsuite> <!-- com.experitest.auto.AndroidDemoTest -->
